[debug] [2023-10-24T22:28:28.192Z] ----------------------------------------------------------------------
[debug] [2023-10-24T22:28:28.194Z] Command:       C:\Program Files\nodejs\node.exe C:\Users\himan\AppData\Roaming\npm\node_modules\firebase-tools\lib\bin\firebase.js serve
[debug] [2023-10-24T22:28:28.194Z] CLI Version:   12.7.0
[debug] [2023-10-24T22:28:28.194Z] Platform:      win32
[debug] [2023-10-24T22:28:28.194Z] Node Version:  v18.13.0
[debug] [2023-10-24T22:28:28.195Z] Time:          Wed Oct 25 2023 03:58:28 GMT+0530 (India Standard Time)
[debug] [2023-10-24T22:28:28.195Z] ----------------------------------------------------------------------
[debug] 
[debug] [2023-10-24T22:28:28.310Z] > command requires scopes: ["email","openid","https://www.googleapis.com/auth/cloudplatformprojects.readonly","https://www.googleapis.com/auth/firebase","https://www.googleapis.com/auth/cloud-platform"]
[debug] [2023-10-24T22:28:28.311Z] > authorizing via signed-in user (himanshukapoor898@gmail.com)
[debug] [2023-10-24T22:28:28.311Z] [iam] checking project social-media-app-5fac8 for permissions ["firebase.projects.get"]
[debug] [2023-10-24T22:28:28.320Z] >>> [apiv2][query] POST https://cloudresourcemanager.googleapis.com/v1/projects/social-media-app-5fac8:testIamPermissions [none]
[debug] [2023-10-24T22:28:28.320Z] >>> [apiv2][(partial)header] POST https://cloudresourcemanager.googleapis.com/v1/projects/social-media-app-5fac8:testIamPermissions x-goog-quota-user=projects/social-media-app-5fac8
[debug] [2023-10-24T22:28:28.320Z] >>> [apiv2][body] POST https://cloudresourcemanager.googleapis.com/v1/projects/social-media-app-5fac8:testIamPermissions {"permissions":["firebase.projects.get"]}
[debug] [2023-10-24T22:28:29.693Z] <<< [apiv2][status] POST https://cloudresourcemanager.googleapis.com/v1/projects/social-media-app-5fac8:testIamPermissions 200
[debug] [2023-10-24T22:28:29.693Z] <<< [apiv2][body] POST https://cloudresourcemanager.googleapis.com/v1/projects/social-media-app-5fac8:testIamPermissions {"permissions":["firebase.projects.get"]}
[debug] [2023-10-24T22:28:29.694Z] >>> [apiv2][query] GET https://firebase.googleapis.com/v1beta1/projects/social-media-app-5fac8 [none]
[debug] [2023-10-24T22:28:30.409Z] <<< [apiv2][status] GET https://firebase.googleapis.com/v1beta1/projects/social-media-app-5fac8 200
[debug] [2023-10-24T22:28:30.409Z] <<< [apiv2][body] GET https://firebase.googleapis.com/v1beta1/projects/social-media-app-5fac8 {"projectId":"social-media-app-5fac8","projectNumber":"523790533846","displayName":"social-media-app","name":"projects/social-media-app-5fac8","resources":{"hostingSite":"social-media-app-5fac8"},"state":"ACTIVE","etag":"1_0aa49eaa-5135-4654-a940-96465e861c33"}
[info] 
[info] === Serving from 'C:\Users\himan\Desktop\firebase-social-media-app'...
[info] 
[debug] [2023-10-24T22:28:30.414Z] >>> [apiv2][query] GET https://firebasehosting.googleapis.com/v1beta1/projects/social-media-app-5fac8/sites 
[debug] [2023-10-24T22:28:31.389Z] <<< [apiv2][status] GET https://firebasehosting.googleapis.com/v1beta1/projects/social-media-app-5fac8/sites 200
[debug] [2023-10-24T22:28:31.389Z] <<< [apiv2][body] GET https://firebasehosting.googleapis.com/v1beta1/projects/social-media-app-5fac8/sites {"sites":[{"name":"projects/social-media-app-5fac8/sites/social-media-app-5fac8","defaultUrl":"https://social-media-app-5fac8.web.app","type":"DEFAULT_SITE"}]}
[debug] [2023-10-24T22:28:31.389Z] >>> [apiv2][query] GET https://firebase.googleapis.com/v1beta1/projects/social-media-app-5fac8/webApps/-/config [none]
[debug] [2023-10-24T22:28:32.353Z] <<< [apiv2][status] GET https://firebase.googleapis.com/v1beta1/projects/social-media-app-5fac8/webApps/-/config 200
[debug] [2023-10-24T22:28:32.353Z] <<< [apiv2][body] GET https://firebase.googleapis.com/v1beta1/projects/social-media-app-5fac8/webApps/-/config {"projectId":"social-media-app-5fac8","appId":"1:523790533846:web:a35dddaec6c4bbc9dd3577","storageBucket":"social-media-app-5fac8.appspot.com","apiKey":"AIzaSyBuZ_6kVUXocJ-MZubbTOxPWpCY-bMP5QY","authDomain":"social-media-app-5fac8.firebaseapp.com","messagingSenderId":"523790533846"}
[debug] [2023-10-24T22:28:32.356Z] >>> [apiv2][query] GET https://firebase.googleapis.com/v1beta1/projects/social-media-app-5fac8 [none]
[debug] [2023-10-24T22:28:33.010Z] <<< [apiv2][status] GET https://firebase.googleapis.com/v1beta1/projects/social-media-app-5fac8 200
[debug] [2023-10-24T22:28:33.010Z] <<< [apiv2][body] GET https://firebase.googleapis.com/v1beta1/projects/social-media-app-5fac8 {"projectId":"social-media-app-5fac8","projectNumber":"523790533846","displayName":"social-media-app","name":"projects/social-media-app-5fac8","resources":{"hostingSite":"social-media-app-5fac8"},"state":"ACTIVE","etag":"1_0aa49eaa-5135-4654-a940-96465e861c33"}
[info] i  hosting[social-media-app-5fac8]: Serving hosting files from: build {"metadata":{"emulator":{"name":"hosting"},"message":"Serving hosting files from: \u001b[1mbuild\u001b[22m"}}
[info] +  hosting[social-media-app-5fac8]: Local server: http://localhost:5000 {"metadata":{"emulator":{"name":"hosting"},"message":"Local server: \u001b[4m\u001b[1mhttp://localhost:5000\u001b[22m\u001b[24m"}}
